<?xml version="1.0" encoding="UTF-8"?>
<testsuites name="TC_1_Login" time="6" tests="0" failures="0" errors="1">
   <testsuite name="TC_1_Login" tests="0" failures="0" errors="1" time="6" timestamp="2018-02-27 06:33:54" hostname="Welcome - 192.168.1.115" id="Test Suites/TC_1_Login">
      <properties>
         <property name="deviceName" value=""/>
         <property name="devicePlatform" value=""/>
         <property name="logFolder" value="C:\\Users\\Welcome\\Katalon Studio\\Smartbar_Automation_project\\Reports\\TC_1_Login\\20180227_063351"/>
         <property name="logFiles" value="C:\\Users\\Welcome\\Katalon Studio\\Smartbar_Automation_project\\Reports\\TC_1_Login\\20180227_063351\\execution0.log"/>
         <property name="attachments" value=""/>
         <property name="hostName" value="Welcome - 192.168.1.115"/>
         <property name="os" value="Windows 8.1 32bit"/>
         <property name="katalonVersion" value="unknown"/>
         <property name="browser" value="Chrome 64.0.3282.167"/>
         <property name="hostAddress" value="192.168.1.115"/>
         <property name="sessionId" value="509cc4cfafa6a407042b96357e608bcf"/>
         <property name="seleniumVersion" value="3.7.1"/>
         <property name="proxyInformation" value="ProxyInformation{proxyOption=NO_PROXY, proxyServerType=HTTP, password=, proxyServerAddress=, proxyServerPort=0}"/>
         <property name="platform" value="Windows 8.1"/>
      </properties>
      <testcase name="Test Cases/TC_1_Login" classname="Test Cases/TC_1_Login" status="ERROR">
         <error type="ERROR" message="Test Cases/TC_1_Login FAILED because (of) groovy.lang.MissingMethodException: No signature of method: static com.kms.katalon.core.webui.keyword.WebUiBuiltInKeywords.navigateToUrl() is applicable for argument types: (java.lang.Class) values: [class java.net.URL]
Possible solutions: navigateToUrl(java.lang.String), navigateToUrl(java.lang.String, com.kms.katalon.core.model.FailureHandling)"/>
         <system-out><![CDATA[2018-02-27 06:33:55 - [TEST_CASE][ERROR] - Test Cases/TC_1_Login: Test Cases/TC_1_Login FAILED because (of) groovy.lang.MissingMethodException: No signature of method: static com.kms.katalon.core.webui.keyword.WebUiBuiltInKeywords.navigateToUrl() is applicable for argument types: (java.lang.Class) values: [class java.net.URL]
Possible solutions: navigateToUrl(java.lang.String), navigateToUrl(java.lang.String, com.kms.katalon.core.model.FailureHandling)

2018-02-27 06:33:56 - [TEST_STEP][PASSED] - openBrowser: Browser is opened with url: ''

2018-02-27 06:34:00 - [MESSAGE][PASSED] - Browser is opened with url: ''

2018-02-27 06:34:00 - [TEST_STEP][PASSED] - navigateToUrl: null]]></system-out>
         <system-err><![CDATA[2018-02-27 06:33:55 - [TEST_CASE][ERROR] - Test Cases/TC_1_Login: Test Cases/TC_1_Login FAILED because (of) groovy.lang.MissingMethodException: No signature of method: static com.kms.katalon.core.webui.keyword.WebUiBuiltInKeywords.navigateToUrl() is applicable for argument types: (java.lang.Class) values: [class java.net.URL]
Possible solutions: navigateToUrl(java.lang.String), navigateToUrl(java.lang.String, com.kms.katalon.core.model.FailureHandling)]]></system-err>
      </testcase>
      <system-out><![CDATA[2018-02-27 06:33:54 - [TEST_SUITE][ERROR] - TC_1_Login: Test Cases/TC_1_Login FAILED because (of) groovy.lang.MissingMethodException: No signature of method: static com.kms.katalon.core.webui.keyword.WebUiBuiltInKeywords.navigateToUrl() is applicable for argument types: (java.lang.Class) values: [class java.net.URL]
Possible solutions: navigateToUrl(java.lang.String), navigateToUrl(java.lang.String, com.kms.katalon.core.model.FailureHandling)]]></system-out>
      <system-err><![CDATA[2018-02-27 06:33:54 - [TEST_SUITE][ERROR] - TC_1_Login: Test Cases/TC_1_Login FAILED because (of) groovy.lang.MissingMethodException: No signature of method: static com.kms.katalon.core.webui.keyword.WebUiBuiltInKeywords.navigateToUrl() is applicable for argument types: (java.lang.Class) values: [class java.net.URL]
Possible solutions: navigateToUrl(java.lang.String), navigateToUrl(java.lang.String, com.kms.katalon.core.model.FailureHandling)]]></system-err>
   </testsuite>
</testsuites>
